06:43:37.650 [JavaFX Application Thread] DEBUG GameApplication      - Logger initialized
06:43:37.879 [JavaFX Application Thread] DEBUG GameApplication      - Starting FXGL
06:43:37.879 [JavaFX Application Thread] INFO  Version              - FXGL-0.3.9
06:43:37.880 [JavaFX Application Thread] INFO  Version              - Source code and latest versions at: https://github.com/AlmasB/FXGL
06:43:37.880 [JavaFX Application Thread] INFO  Version              -              Join the FXGL chat at: https://gitter.im/AlmasB/FXGL
06:43:37.910 [FXGL Launcher Thread     ] DEBUG FXGL                 - Loading FXGL system data
06:43:37.914 [FXGL Launcher Thread     ] DEBUG IOTask               - Executing task: readDataTask(system/fxgl.bundle)
06:43:37.922 [FXGL Launcher Thread     ] DEBUG FS                   - Reading from: system\fxgl.bundle
06:43:37.930 [FXGL Launcher Thread     ] DEBUG IOTask               - Task succeeded: readDataTask(system/fxgl.bundle)
06:43:37.930 [FXGL Launcher Thread     ] DEBUG Bundle               - Logging bundle: FXGL
06:43:37.931 [FXGL Launcher Thread     ] DEBUG Bundle               - FXGL.offline.timer.version.check=2017-10-24T22:48:57
06:43:37.932 [FXGL Launcher Thread     ] DEBUG GameApplication      - FXGL configuration complete
06:43:37.934 [FXGL Launcher Thread     ] INFO  GameApplication      - FXGL configuration took:  0.052 sec
06:43:37.935 [FXGL Launcher Thread     ] DEBUG GameApplication      - Logging game settings
Title: Bomberman
Version: 0.1
Width: 750
Height: 650
Fullscreen: false
Intro: false
Menus: false
Profiling: false
App Mode: DEVELOPER
Menu Key: ESCAPE
Scene Factory: class com.almasb.fxgl.scene.SceneFactory
Dialog Factory: class com.almasb.fxgl.service.impl.display.FXGLDialogFactory
UI Factory: class com.almasb.fxgl.service.impl.ui.FXGLUIFactory
Notification Service: class com.almasb.fxgl.service.impl.notification.FXGLNotificationService
Exception Handler: class com.almasb.fxgl.app.FXGLExceptionHandler
06:43:37.953 [FXGL Launcher Thread     ] DEBUG GameApplication      - Configuring GameApplication
06:43:37.957 [FXGL Launcher Thread     ] DEBUG AppStateMachine      - Initializing application states
06:43:37.963 [FXGL Launcher Thread     ] DEBUG AssetLoader          - Asset cacheSize=35
06:43:37.964 [FXGL Launcher Thread     ] DEBUG AssetLoader          - Loading from disk: /assets/ui/cursors/fxgl_default.png
06:43:37.989 [FXGL Launcher Thread     ] DEBUG AssetLoader          - Loading from disk: /assets/ui/cursors/fxgl_default.png
06:43:37.999 [FXGL Launcher Thread     ] DEBUG AssetLoader          - Loading from disk: /assets/sounds/core/notification.wav
06:43:38.023 [FXGL Launcher Thread     ] DEBUG AssetLoader          - Loading from disk: /assets/sounds/menu/select.wav
06:43:38.025 [FXGL Launcher Thread     ] DEBUG AssetLoader          - Loading from disk: /assets/sounds/menu/back.wav
06:43:38.028 [FXGL Launcher Thread     ] DEBUG AssetLoader          - Loading from disk: /assets/sounds/menu/press.wav
06:43:38.030 [FXGL Launcher Thread     ] DEBUG AssetLoader          - Loading from disk: /assets/ui/fonts/Copperplate_Gothic_Light_Regular.ttf
06:43:38.207 [FXGL Launcher Thread     ] DEBUG AssetLoader          - Loading from disk: /assets/ui/fonts/lucida_console.ttf
06:43:38.219 [FXGL Launcher Thread     ] DEBUG AssetLoader          - Loading from disk: /assets/ui/css/fxgl_dark.css
06:43:38.220 [FXGL Launcher Thread     ] DEBUG AssetLoader          - Loading from disk: /assets/ui/icons/fxgl_icon.png
06:43:38.242 [FXGL Launcher Thread     ] DEBUG AssetLoader          - Loading from disk: /assets/ui/cursors/fxgl_default.png
06:43:38.262 [FXGL Launcher Thread     ] DEBUG FXGL.GameScene       - Game scene initialized: 750x650
06:43:38.266 [FXGL Launcher Thread     ] DEBUG FXGL.GameWorld       - Game world initialized
06:43:38.315 [FXGL Launcher Thread     ] DEBUG FXGL.PhysicsWorld    - Physics world initialized: appHeight=650, physics.ppm=50.0
06:43:38.340 [FXGL Launcher Thread     ] DEBUG Input                - Registered new binding: Pause - Esc
06:43:38.355 [FXGL Launcher Thread     ] INFO  GameApplication      - Game configuration took:  0.401 sec
06:43:38.368 [JavaFX Application Thread] DEBUG MainWindow           - Target size: 750.0 x 650.0 @ 1.0
06:43:38.368 [JavaFX Application Thread] DEBUG MainWindow           - New size:    750.0 x 650.0 @ 1.0
06:43:38.368 [JavaFX Application Thread] DEBUG MainWindow           - Opening main window
06:43:38.410 [JavaFX Application Thread] DEBUG MainWindow           - Root size:  750.0x650.0
06:43:38.411 [JavaFX Application Thread] DEBUG MainWindow           - Scene size: 750.0x650.0
06:43:38.411 [JavaFX Application Thread] DEBUG MainWindow           - Stage size: 756.0x685.0
06:43:38.411 [JavaFX Application Thread] DEBUG GameApplication      - Running preInit()
06:43:38.412 [JavaFX Application Thread] DEBUG Input                - Registered new binding: Screenshot - P
06:43:38.412 [JavaFX Application Thread] DEBUG Input                - Registered new binding: Dev Options - CTRL+0
06:43:38.412 [JavaFX Application Thread] DEBUG Input                - Registered new binding: Move Right - D
06:43:38.412 [JavaFX Application Thread] DEBUG Input                - Registered new binding: Move Left - A
06:43:38.412 [JavaFX Application Thread] DEBUG Input                - Registered new binding: Move Up - W
06:43:38.413 [JavaFX Application Thread] DEBUG Input                - Registered new binding: Move Down - S
06:43:38.413 [JavaFX Application Thread] DEBUG Input                - Registered new binding: Place Bomb - Space
06:43:38.441 [JavaFX Application Thread] DEBUG GameApplication      - Starting main loop
06:43:38.443 [JavaFX Application Thread] DEBUG StartupState         - STARTUP
06:43:38.443 [JavaFX Application Thread] DEBUG GameApplication      - Starting new game
06:43:38.444 [JavaFX Application Thread] DEBUG Input                - Clearing active input actions
06:43:38.444 [JavaFX Application Thread] DEBUG AppStateMachine      - StartupState -> LoadingState
06:43:38.527 [JavaFX Application Thread] DEBUG AnnotationParser     - @AddCollisionHandler: []
06:43:38.527 [JavaFX Application Thread] DEBUG AnnotationParser     - @SetEntityFactory: [BombermanFactory]
06:43:38.532 [FXGL Background Thread 1 ] DEBUG InitAppTask          - Clearing previous game
06:43:38.532 [FXGL Background Thread 1 ] DEBUG FXGL.GameWorld       - Clearing game world
06:43:38.532 [FXGL Background Thread 1 ] DEBUG FXGL.PhysicsWorld    - Clearing physics world
06:43:38.532 [FXGL Background Thread 1 ] DEBUG FXGL.GameScene       - Clearing game scene
06:43:38.532 [FXGL Background Thread 1 ] DEBUG InitAppTask          - Initializing Assets
06:43:38.533 [FXGL Background Thread 1 ] DEBUG InitAppTask          - Initializing Game
06:43:38.552 [FXGL Background Thread 1 ] DEBUG AssetLoader          - Loading from disk: /assets/text/levels/0.txt
06:43:38.585 [FXGL Background Thread 1 ] WARN  FXGL.TextLevelParser - No producer found for character: 0
06:43:38.585 [FXGL Background Thread 1 ] WARN  FXGL.TextLevelParser - No producer found for character: 0
06:43:38.586 [FXGL Background Thread 1 ] WARN  FXGL.TextLevelParser - No producer found for character: 0
06:43:38.590 [FXGL Background Thread 1 ] WARN  FXGL.TextLevelParser - No producer found for character: 0
06:43:38.591 [FXGL Background Thread 1 ] WARN  FXGL.TextLevelParser - No producer found for character: 0
06:43:38.591 [FXGL Background Thread 1 ] WARN  FXGL.TextLevelParser - No producer found for character: 0
06:43:38.592 [FXGL Background Thread 1 ] WARN  FXGL.TextLevelParser - No producer found for character: 0
06:43:38.592 [FXGL Background Thread 1 ] WARN  FXGL.TextLevelParser - No producer found for character: 0
06:43:38.592 [FXGL Background Thread 1 ] WARN  FXGL.TextLevelParser - No producer found for character: 0
06:43:38.593 [FXGL Background Thread 1 ] WARN  FXGL.TextLevelParser - No producer found for character: 0
06:43:38.593 [FXGL Background Thread 1 ] WARN  FXGL.TextLevelParser - No producer found for character: 0
06:43:38.594 [FXGL Background Thread 1 ] WARN  FXGL.TextLevelParser - No producer found for character: 0
06:43:38.594 [FXGL Background Thread 1 ] WARN  FXGL.TextLevelParser - No producer found for character: 0
06:43:38.595 [FXGL Background Thread 1 ] WARN  FXGL.TextLevelParser - No producer found for character: 0
06:43:38.599 [FXGL Background Thread 1 ] WARN  FXGL.TextLevelParser - No producer found for character: 0
06:43:38.608 [FXGL Background Thread 1 ] WARN  FXGL.TextLevelParser - No producer found for character: 0
06:43:38.608 [FXGL Background Thread 1 ] WARN  FXGL.TextLevelParser - No producer found for character: 0
06:43:38.608 [FXGL Background Thread 1 ] WARN  FXGL.TextLevelParser - No producer found for character: 0
06:43:38.608 [FXGL Background Thread 1 ] WARN  FXGL.TextLevelParser - No producer found for character: 0
06:43:38.608 [FXGL Background Thread 1 ] WARN  FXGL.TextLevelParser - No producer found for character: 0
06:43:38.608 [FXGL Background Thread 1 ] WARN  FXGL.TextLevelParser - No producer found for character: 0
06:43:38.608 [FXGL Background Thread 1 ] WARN  FXGL.TextLevelParser - No producer found for character: 0
06:43:38.608 [FXGL Background Thread 1 ] WARN  FXGL.TextLevelParser - No producer found for character: 0
06:43:38.609 [FXGL Background Thread 1 ] WARN  FXGL.TextLevelParser - No producer found for character: 0
06:43:38.609 [FXGL Background Thread 1 ] WARN  FXGL.TextLevelParser - No producer found for character: 0
06:43:38.609 [FXGL Background Thread 1 ] WARN  FXGL.TextLevelParser - No producer found for character: 0
06:43:38.611 [FXGL Background Thread 1 ] WARN  FXGL.TextLevelParser - No producer found for character: 0
06:43:38.611 [FXGL Background Thread 1 ] WARN  FXGL.TextLevelParser - No producer found for character: 0
06:43:38.611 [FXGL Background Thread 1 ] WARN  FXGL.TextLevelParser - No producer found for character: 0
06:43:38.612 [FXGL Background Thread 1 ] WARN  FXGL.TextLevelParser - No producer found for character: 0
06:43:38.612 [FXGL Background Thread 1 ] WARN  FXGL.TextLevelParser - No producer found for character: 0
06:43:38.614 [FXGL Background Thread 1 ] WARN  FXGL.TextLevelParser - No producer found for character: 0
06:43:38.614 [FXGL Background Thread 1 ] WARN  FXGL.TextLevelParser - No producer found for character: 0
06:43:38.614 [FXGL Background Thread 1 ] WARN  FXGL.TextLevelParser - No producer found for character: 0
06:43:38.614 [FXGL Background Thread 1 ] WARN  FXGL.TextLevelParser - No producer found for character: 0
06:43:38.614 [FXGL Background Thread 1 ] WARN  FXGL.TextLevelParser - No producer found for character: 0
06:43:38.614 [FXGL Background Thread 1 ] WARN  FXGL.TextLevelParser - No producer found for character: 0
06:43:38.614 [FXGL Background Thread 1 ] WARN  FXGL.TextLevelParser - No producer found for character: 0
06:43:38.614 [FXGL Background Thread 1 ] WARN  FXGL.TextLevelParser - No producer found for character: 0
06:43:38.614 [FXGL Background Thread 1 ] WARN  FXGL.TextLevelParser - No producer found for character: 0
06:43:38.614 [FXGL Background Thread 1 ] WARN  FXGL.TextLevelParser - No producer found for character: 0
06:43:38.615 [FXGL Background Thread 1 ] WARN  FXGL.TextLevelParser - No producer found for character: 0
06:43:38.620 [FXGL Background Thread 1 ] WARN  FXGL.TextLevelParser - No producer found for character: 0
06:43:38.624 [FXGL Background Thread 1 ] WARN  FXGL.TextLevelParser - No producer found for character: 0
06:43:38.625 [FXGL Background Thread 1 ] WARN  FXGL.TextLevelParser - No producer found for character: 0
06:43:38.625 [FXGL Background Thread 1 ] WARN  FXGL.TextLevelParser - No producer found for character: 0
06:43:38.626 [FXGL Background Thread 1 ] WARN  FXGL.TextLevelParser - No producer found for character: 0
06:43:38.626 [FXGL Background Thread 1 ] WARN  FXGL.TextLevelParser - No producer found for character: 0
06:43:38.626 [FXGL Background Thread 1 ] WARN  FXGL.TextLevelParser - No producer found for character: 0
06:43:38.627 [FXGL Background Thread 1 ] WARN  FXGL.TextLevelParser - No producer found for character: 0
06:43:38.627 [FXGL Background Thread 1 ] WARN  FXGL.TextLevelParser - No producer found for character: 0
06:43:38.628 [FXGL Background Thread 1 ] WARN  FXGL.TextLevelParser - No producer found for character: 0
06:43:38.628 [FXGL Background Thread 1 ] WARN  FXGL.TextLevelParser - No producer found for character: 0
06:43:38.628 [FXGL Background Thread 1 ] WARN  FXGL.TextLevelParser - No producer found for character: 0
06:43:38.630 [FXGL Background Thread 1 ] WARN  FXGL.TextLevelParser - No producer found for character: 0
06:43:38.630 [FXGL Background Thread 1 ] WARN  FXGL.TextLevelParser - No producer found for character: 0
06:43:38.630 [FXGL Background Thread 1 ] WARN  FXGL.TextLevelParser - No producer found for character: 0
06:43:38.635 [FXGL Background Thread 1 ] DEBUG FXGL.GameWorld       - Clearing removable entities
06:43:38.635 [FXGL Background Thread 1 ] DEBUG FXGL.GameWorld       - Setting level: com.almasb.fxgl.gameplay.Level@781aac3d
06:43:38.638 [FXGL Background Thread 1 ] DEBUG FXGL.GameScene       - Creating render group for layer: TOP(2147483647)
06:43:38.653 [FXGL Background Thread 1 ] DEBUG FXGL.GameScene       - Creating render group for layer: BACKGROUND(1000)
06:43:38.656 [FXGL Background Thread 1 ] DEBUG InitAppTask          - Initializing Physics
06:43:38.657 [FXGL Background Thread 1 ] DEBUG InitAppTask          - Initializing UI
06:43:38.657 [FXGL Background Thread 1 ] DEBUG InitAppTask          - Initialization Complete
06:43:38.657 [FXGL Background Thread 1 ] INFO  InitAppTask          - Game initialization took: 0.125 sec
06:43:38.659 [JavaFX Application Thread] DEBUG Input                - Clearing active input actions
06:43:38.659 [JavaFX Application Thread] DEBUG AppStateMachine      - LoadingState -> PlayState
06:43:59.225 [JavaFX Application Thread] DEBUG GameApplication      - Exiting game application
06:43:59.226 [JavaFX Application Thread] DEBUG GameApplication      - Shutting down background threads
06:43:59.227 [JavaFX Application Thread] DEBUG GameApplication      - Exiting FXGL
06:43:59.227 [JavaFX Application Thread] DEBUG FXGL                 - Saving FXGL system data
06:43:59.228 [JavaFX Application Thread] DEBUG IOTask               - Executing task: writeDataTask(system/fxgl.bundle)
06:43:59.230 [JavaFX Application Thread] DEBUG FS                   - Writing to: system\fxgl.bundle
06:43:59.235 [JavaFX Application Thread] DEBUG IOTask               - Task succeeded: writeDataTask(system/fxgl.bundle)
06:43:59.235 [JavaFX Application Thread] DEBUG GameApplication      - Closing logger and exiting JavaFX
