19:32:38.679 [JavaFX Application Thread] DEBUG GameApplication      - Logger initialized
19:32:38.938 [JavaFX Application Thread] DEBUG GameApplication      - Starting FXGL
19:32:38.938 [JavaFX Application Thread] INFO  Version              - FXGL-0.3.9
19:32:38.939 [JavaFX Application Thread] INFO  Version              - Source code and latest versions at: https://github.com/AlmasB/FXGL
19:32:38.939 [JavaFX Application Thread] INFO  Version              -              Join the FXGL chat at: https://gitter.im/AlmasB/FXGL
19:32:38.998 [FXGL Launcher Thread     ] DEBUG FXGL                 - Loading FXGL system data
19:32:39.003 [FXGL Launcher Thread     ] DEBUG IOTask               - Executing task: readDataTask(system/fxgl.bundle)
19:32:39.016 [FXGL Launcher Thread     ] DEBUG FS                   - Reading from: system\fxgl.bundle
19:32:39.028 [FXGL Launcher Thread     ] DEBUG IOTask               - Task succeeded: readDataTask(system/fxgl.bundle)
19:32:39.028 [FXGL Launcher Thread     ] DEBUG Bundle               - Logging bundle: FXGL
19:32:39.029 [FXGL Launcher Thread     ] DEBUG Bundle               - FXGL.offline.timer.version.check=2017-10-24T22:48:57
19:32:39.030 [FXGL Launcher Thread     ] DEBUG GameApplication      - FXGL configuration complete
19:32:39.031 [FXGL Launcher Thread     ] INFO  GameApplication      - FXGL configuration took:  0.072 sec
19:32:39.032 [FXGL Launcher Thread     ] DEBUG GameApplication      - Logging game settings
Title: Bomberman
Version: 0.1
Width: 750
Height: 650
Fullscreen: false
Intro: false
Menus: false
Profiling: false
App Mode: DEVELOPER
Menu Key: ESCAPE
Scene Factory: class com.almasb.fxgl.scene.SceneFactory
Dialog Factory: class com.almasb.fxgl.service.impl.display.FXGLDialogFactory
UI Factory: class com.almasb.fxgl.service.impl.ui.FXGLUIFactory
Notification Service: class com.almasb.fxgl.service.impl.notification.FXGLNotificationService
Exception Handler: class com.almasb.fxgl.app.FXGLExceptionHandler
19:32:39.035 [FXGL Launcher Thread     ] DEBUG GameApplication      - Configuring GameApplication
19:32:39.039 [FXGL Launcher Thread     ] DEBUG AppStateMachine      - Initializing application states
19:32:39.047 [FXGL Launcher Thread     ] DEBUG AssetLoader          - Asset cacheSize=35
19:32:39.048 [FXGL Launcher Thread     ] DEBUG AssetLoader          - Loading from disk: /assets/ui/cursors/fxgl_default.png
19:32:39.072 [FXGL Launcher Thread     ] DEBUG AssetLoader          - Loading from disk: /assets/ui/cursors/fxgl_default.png
19:32:39.092 [FXGL Launcher Thread     ] DEBUG AssetLoader          - Loading from disk: /assets/sounds/core/notification.wav
19:32:39.124 [FXGL Launcher Thread     ] DEBUG AssetLoader          - Loading from disk: /assets/sounds/menu/select.wav
19:32:39.126 [FXGL Launcher Thread     ] DEBUG AssetLoader          - Loading from disk: /assets/sounds/menu/back.wav
19:32:39.128 [FXGL Launcher Thread     ] DEBUG AssetLoader          - Loading from disk: /assets/sounds/menu/press.wav
19:32:39.131 [FXGL Launcher Thread     ] DEBUG AssetLoader          - Loading from disk: /assets/ui/fonts/Copperplate_Gothic_Light_Regular.ttf
19:32:39.391 [FXGL Launcher Thread     ] DEBUG AssetLoader          - Loading from disk: /assets/ui/fonts/lucida_console.ttf
19:32:39.402 [FXGL Launcher Thread     ] DEBUG AssetLoader          - Loading from disk: /assets/ui/css/fxgl_dark.css
19:32:39.402 [FXGL Launcher Thread     ] DEBUG AssetLoader          - Loading from disk: /assets/ui/icons/fxgl_icon.png
19:32:39.427 [FXGL Launcher Thread     ] DEBUG AssetLoader          - Loading from disk: /assets/ui/cursors/fxgl_default.png
19:32:39.446 [FXGL Launcher Thread     ] DEBUG FXGL.GameScene       - Game scene initialized: 750x650
19:32:39.452 [FXGL Launcher Thread     ] DEBUG FXGL.GameWorld       - Game world initialized
19:32:39.506 [FXGL Launcher Thread     ] DEBUG FXGL.PhysicsWorld    - Physics world initialized: appHeight=650, physics.ppm=50.0
19:32:39.527 [FXGL Launcher Thread     ] DEBUG Input                - Registered new binding: Pause - Esc
19:32:39.540 [FXGL Launcher Thread     ] INFO  GameApplication      - Game configuration took:  0.504 sec
19:32:39.548 [JavaFX Application Thread] DEBUG MainWindow           - Target size: 750.0 x 650.0 @ 1.0
19:32:39.548 [JavaFX Application Thread] DEBUG MainWindow           - New size:    750.0 x 650.0 @ 1.0
19:32:39.548 [JavaFX Application Thread] DEBUG MainWindow           - Opening main window
19:32:39.593 [JavaFX Application Thread] DEBUG MainWindow           - Root size:  750.0x650.0
19:32:39.594 [JavaFX Application Thread] DEBUG MainWindow           - Scene size: 750.0x650.0
19:32:39.594 [JavaFX Application Thread] DEBUG MainWindow           - Stage size: 756.0x685.0
19:32:39.594 [JavaFX Application Thread] DEBUG GameApplication      - Running preInit()
19:32:39.595 [JavaFX Application Thread] DEBUG Input                - Registered new binding: Screenshot - P
19:32:39.596 [JavaFX Application Thread] DEBUG Input                - Registered new binding: Dev Options - CTRL+0
19:32:39.597 [JavaFX Application Thread] DEBUG Input                - Registered new binding: Move Right - D
19:32:39.597 [JavaFX Application Thread] DEBUG Input                - Registered new binding: Move Left - A
19:32:39.597 [JavaFX Application Thread] DEBUG Input                - Registered new binding: Move Up - W
19:32:39.597 [JavaFX Application Thread] DEBUG Input                - Registered new binding: Move Down - S
19:32:39.597 [JavaFX Application Thread] DEBUG Input                - Registered new binding: Place Bomb - Space
19:32:39.633 [JavaFX Application Thread] DEBUG GameApplication      - Starting main loop
19:32:39.636 [JavaFX Application Thread] DEBUG StartupState         - STARTUP
19:32:39.637 [JavaFX Application Thread] DEBUG GameApplication      - Starting new game
19:32:39.637 [JavaFX Application Thread] DEBUG Input                - Clearing active input actions
19:32:39.637 [JavaFX Application Thread] DEBUG AppStateMachine      - StartupState -> LoadingState
19:32:39.795 [JavaFX Application Thread] DEBUG AnnotationParser     - @SetEntityFactory: [BombermanFactory]
19:32:39.796 [JavaFX Application Thread] DEBUG AnnotationParser     - @AddCollisionHandler: []
19:32:39.800 [FXGL Background Thread 1 ] DEBUG InitAppTask          - Clearing previous game
19:32:39.800 [FXGL Background Thread 1 ] DEBUG FXGL.GameWorld       - Clearing game world
19:32:39.800 [FXGL Background Thread 1 ] DEBUG FXGL.PhysicsWorld    - Clearing physics world
19:32:39.800 [FXGL Background Thread 1 ] DEBUG FXGL.GameScene       - Clearing game scene
19:32:39.800 [FXGL Background Thread 1 ] DEBUG InitAppTask          - Initializing Assets
19:32:39.801 [FXGL Background Thread 1 ] DEBUG InitAppTask          - Initializing Game
19:32:39.821 [FXGL Background Thread 1 ] DEBUG AssetLoader          - Loading from disk: /assets/text/levels/0.txt
19:32:39.856 [FXGL Background Thread 1 ] WARN  FXGL.TextLevelParser - No producer found for character: 0
19:32:39.856 [FXGL Background Thread 1 ] WARN  FXGL.TextLevelParser - No producer found for character: 0
19:32:39.857 [FXGL Background Thread 1 ] WARN  FXGL.TextLevelParser - No producer found for character: 0
19:32:39.860 [FXGL Background Thread 1 ] WARN  FXGL.TextLevelParser - No producer found for character: 0
19:32:39.861 [FXGL Background Thread 1 ] WARN  FXGL.TextLevelParser - No producer found for character: 0
19:32:39.861 [FXGL Background Thread 1 ] WARN  FXGL.TextLevelParser - No producer found for character: 0
19:32:39.862 [FXGL Background Thread 1 ] WARN  FXGL.TextLevelParser - No producer found for character: 0
19:32:39.864 [FXGL Background Thread 1 ] WARN  FXGL.TextLevelParser - No producer found for character: 0
19:32:39.865 [FXGL Background Thread 1 ] WARN  FXGL.TextLevelParser - No producer found for character: 0
19:32:39.866 [FXGL Background Thread 1 ] WARN  FXGL.TextLevelParser - No producer found for character: 0
19:32:39.866 [FXGL Background Thread 1 ] WARN  FXGL.TextLevelParser - No producer found for character: 0
19:32:39.867 [FXGL Background Thread 1 ] WARN  FXGL.TextLevelParser - No producer found for character: 0
19:32:39.867 [FXGL Background Thread 1 ] WARN  FXGL.TextLevelParser - No producer found for character: 0
19:32:39.868 [FXGL Background Thread 1 ] WARN  FXGL.TextLevelParser - No producer found for character: 0
19:32:39.873 [FXGL Background Thread 1 ] WARN  FXGL.TextLevelParser - No producer found for character: 0
19:32:39.883 [FXGL Background Thread 1 ] WARN  FXGL.TextLevelParser - No producer found for character: 0
19:32:39.889 [FXGL Background Thread 1 ] WARN  FXGL.TextLevelParser - No producer found for character: 0
19:32:39.890 [FXGL Background Thread 1 ] WARN  FXGL.TextLevelParser - No producer found for character: 0
19:32:39.890 [FXGL Background Thread 1 ] WARN  FXGL.TextLevelParser - No producer found for character: 0
19:32:39.890 [FXGL Background Thread 1 ] WARN  FXGL.TextLevelParser - No producer found for character: 0
19:32:39.891 [FXGL Background Thread 1 ] WARN  FXGL.TextLevelParser - No producer found for character: 0
19:32:39.894 [FXGL Background Thread 1 ] WARN  FXGL.TextLevelParser - No producer found for character: 0
19:32:39.900 [FXGL Background Thread 1 ] WARN  FXGL.TextLevelParser - No producer found for character: 0
19:32:39.904 [FXGL Background Thread 1 ] WARN  FXGL.TextLevelParser - No producer found for character: 0
19:32:39.905 [FXGL Background Thread 1 ] WARN  FXGL.TextLevelParser - No producer found for character: 0
19:32:39.906 [FXGL Background Thread 1 ] WARN  FXGL.TextLevelParser - No producer found for character: 0
19:32:39.906 [FXGL Background Thread 1 ] WARN  FXGL.TextLevelParser - No producer found for character: 0
19:32:39.907 [FXGL Background Thread 1 ] WARN  FXGL.TextLevelParser - No producer found for character: 0
19:32:39.907 [FXGL Background Thread 1 ] WARN  FXGL.TextLevelParser - No producer found for character: 0
19:32:39.908 [FXGL Background Thread 1 ] WARN  FXGL.TextLevelParser - No producer found for character: 0
19:32:39.908 [FXGL Background Thread 1 ] WARN  FXGL.TextLevelParser - No producer found for character: 0
19:32:39.909 [FXGL Background Thread 1 ] WARN  FXGL.TextLevelParser - No producer found for character: 0
19:32:39.909 [FXGL Background Thread 1 ] WARN  FXGL.TextLevelParser - No producer found for character: 0
19:32:39.909 [FXGL Background Thread 1 ] WARN  FXGL.TextLevelParser - No producer found for character: 0
19:32:39.912 [FXGL Background Thread 1 ] WARN  FXGL.TextLevelParser - No producer found for character: 0
19:32:39.912 [FXGL Background Thread 1 ] WARN  FXGL.TextLevelParser - No producer found for character: 0
19:32:39.913 [FXGL Background Thread 1 ] WARN  FXGL.TextLevelParser - No producer found for character: 0
19:32:39.918 [FXGL Background Thread 1 ] DEBUG FXGL.GameWorld       - Clearing removable entities
19:32:39.918 [FXGL Background Thread 1 ] DEBUG FXGL.GameWorld       - Setting level: com.almasb.fxgl.gameplay.Level@5726fc81
19:32:39.921 [FXGL Background Thread 1 ] DEBUG FXGL.GameScene       - Creating render group for layer: TOP(2147483647)
19:32:39.936 [FXGL Background Thread 1 ] DEBUG FXGL.GameScene       - Creating render group for layer: BACKGROUND(1000)
19:32:39.939 [FXGL Background Thread 1 ] DEBUG InitAppTask          - Initializing Physics
19:32:39.940 [FXGL Background Thread 1 ] DEBUG InitAppTask          - Initializing UI
19:32:39.940 [FXGL Background Thread 1 ] DEBUG InitAppTask          - Initialization Complete
19:32:39.940 [FXGL Background Thread 1 ] INFO  InitAppTask          - Game initialization took: 0.140 sec
19:32:39.950 [JavaFX Application Thread] DEBUG Input                - Clearing active input actions
19:32:39.950 [JavaFX Application Thread] DEBUG AppStateMachine      - LoadingState -> PlayState
19:34:13.350 [JavaFX Application Thread] DEBUG GameApplication      - Exiting game application
19:34:13.351 [JavaFX Application Thread] DEBUG GameApplication      - Shutting down background threads
19:34:13.352 [JavaFX Application Thread] DEBUG GameApplication      - Exiting FXGL
19:34:13.352 [JavaFX Application Thread] DEBUG FXGL                 - Saving FXGL system data
19:34:13.353 [JavaFX Application Thread] DEBUG IOTask               - Executing task: writeDataTask(system/fxgl.bundle)
19:34:13.355 [JavaFX Application Thread] DEBUG FS                   - Writing to: system\fxgl.bundle
19:34:13.360 [JavaFX Application Thread] DEBUG IOTask               - Task succeeded: writeDataTask(system/fxgl.bundle)
19:34:13.360 [JavaFX Application Thread] DEBUG GameApplication      - Closing logger and exiting JavaFX
