06:46:36.277 [JavaFX Application Thread] DEBUG GameApplication      - Logger initialized
06:46:36.496 [JavaFX Application Thread] DEBUG GameApplication      - Starting FXGL
06:46:36.496 [JavaFX Application Thread] INFO  Version              - FXGL-0.3.9
06:46:36.497 [JavaFX Application Thread] INFO  Version              - Source code and latest versions at: https://github.com/AlmasB/FXGL
06:46:36.497 [JavaFX Application Thread] INFO  Version              -              Join the FXGL chat at: https://gitter.im/AlmasB/FXGL
06:46:36.530 [FXGL Launcher Thread     ] DEBUG FXGL                 - Loading FXGL system data
06:46:36.535 [FXGL Launcher Thread     ] DEBUG IOTask               - Executing task: readDataTask(system/fxgl.bundle)
06:46:36.541 [FXGL Launcher Thread     ] DEBUG FS                   - Reading from: system\fxgl.bundle
06:46:36.550 [FXGL Launcher Thread     ] DEBUG IOTask               - Task succeeded: readDataTask(system/fxgl.bundle)
06:46:36.550 [FXGL Launcher Thread     ] DEBUG Bundle               - Logging bundle: FXGL
06:46:36.551 [FXGL Launcher Thread     ] DEBUG Bundle               - FXGL.offline.timer.version.check=2017-10-24T22:48:57
06:46:36.551 [FXGL Launcher Thread     ] DEBUG GameApplication      - FXGL configuration complete
06:46:36.553 [FXGL Launcher Thread     ] INFO  GameApplication      - FXGL configuration took:  0.054 sec
06:46:36.553 [FXGL Launcher Thread     ] DEBUG GameApplication      - Logging game settings
Title: Bomberman
Version: 0.1
Width: 750
Height: 650
Fullscreen: false
Intro: false
Menus: false
Profiling: false
App Mode: DEVELOPER
Menu Key: ESCAPE
Scene Factory: class com.almasb.fxgl.scene.SceneFactory
Dialog Factory: class com.almasb.fxgl.service.impl.display.FXGLDialogFactory
UI Factory: class com.almasb.fxgl.service.impl.ui.FXGLUIFactory
Notification Service: class com.almasb.fxgl.service.impl.notification.FXGLNotificationService
Exception Handler: class com.almasb.fxgl.app.FXGLExceptionHandler
06:46:36.557 [FXGL Launcher Thread     ] DEBUG GameApplication      - Configuring GameApplication
06:46:36.561 [FXGL Launcher Thread     ] DEBUG AppStateMachine      - Initializing application states
06:46:36.567 [FXGL Launcher Thread     ] DEBUG AssetLoader          - Asset cacheSize=35
06:46:36.568 [FXGL Launcher Thread     ] DEBUG AssetLoader          - Loading from disk: /assets/ui/cursors/fxgl_default.png
06:46:36.591 [FXGL Launcher Thread     ] DEBUG AssetLoader          - Loading from disk: /assets/ui/cursors/fxgl_default.png
06:46:36.603 [FXGL Launcher Thread     ] DEBUG AssetLoader          - Loading from disk: /assets/sounds/core/notification.wav
06:46:36.629 [FXGL Launcher Thread     ] DEBUG AssetLoader          - Loading from disk: /assets/sounds/menu/select.wav
06:46:36.631 [FXGL Launcher Thread     ] DEBUG AssetLoader          - Loading from disk: /assets/sounds/menu/back.wav
06:46:36.633 [FXGL Launcher Thread     ] DEBUG AssetLoader          - Loading from disk: /assets/sounds/menu/press.wav
06:46:36.635 [FXGL Launcher Thread     ] DEBUG AssetLoader          - Loading from disk: /assets/ui/fonts/Copperplate_Gothic_Light_Regular.ttf
06:46:36.811 [FXGL Launcher Thread     ] DEBUG AssetLoader          - Loading from disk: /assets/ui/fonts/lucida_console.ttf
06:46:36.827 [FXGL Launcher Thread     ] DEBUG AssetLoader          - Loading from disk: /assets/ui/css/fxgl_dark.css
06:46:36.827 [FXGL Launcher Thread     ] DEBUG AssetLoader          - Loading from disk: /assets/ui/icons/fxgl_icon.png
06:46:36.852 [FXGL Launcher Thread     ] DEBUG AssetLoader          - Loading from disk: /assets/ui/cursors/fxgl_default.png
06:46:36.869 [FXGL Launcher Thread     ] DEBUG FXGL.GameScene       - Game scene initialized: 750x650
06:46:36.874 [FXGL Launcher Thread     ] DEBUG FXGL.GameWorld       - Game world initialized
06:46:36.930 [FXGL Launcher Thread     ] DEBUG FXGL.PhysicsWorld    - Physics world initialized: appHeight=650, physics.ppm=50.0
06:46:36.950 [FXGL Launcher Thread     ] DEBUG Input                - Registered new binding: Pause - Esc
06:46:36.962 [FXGL Launcher Thread     ] INFO  GameApplication      - Game configuration took:  0.404 sec
06:46:36.975 [JavaFX Application Thread] DEBUG MainWindow           - Target size: 750.0 x 650.0 @ 1.0
06:46:36.976 [JavaFX Application Thread] DEBUG MainWindow           - New size:    750.0 x 650.0 @ 1.0
06:46:36.976 [JavaFX Application Thread] DEBUG MainWindow           - Opening main window
06:46:37.014 [JavaFX Application Thread] DEBUG MainWindow           - Root size:  750.0x650.0
06:46:37.014 [JavaFX Application Thread] DEBUG MainWindow           - Scene size: 750.0x650.0
06:46:37.014 [JavaFX Application Thread] DEBUG MainWindow           - Stage size: 756.0x685.0
06:46:37.014 [JavaFX Application Thread] DEBUG GameApplication      - Running preInit()
06:46:37.015 [JavaFX Application Thread] DEBUG Input                - Registered new binding: Screenshot - P
06:46:37.016 [JavaFX Application Thread] DEBUG Input                - Registered new binding: Dev Options - CTRL+0
06:46:37.016 [JavaFX Application Thread] DEBUG Input                - Registered new binding: Move Right - D
06:46:37.016 [JavaFX Application Thread] DEBUG Input                - Registered new binding: Move Left - A
06:46:37.016 [JavaFX Application Thread] DEBUG Input                - Registered new binding: Move Up - W
06:46:37.016 [JavaFX Application Thread] DEBUG Input                - Registered new binding: Move Down - S
06:46:37.016 [JavaFX Application Thread] DEBUG Input                - Registered new binding: Place Bomb - Space
06:46:37.046 [JavaFX Application Thread] DEBUG GameApplication      - Starting main loop
06:46:37.048 [JavaFX Application Thread] DEBUG StartupState         - STARTUP
06:46:37.048 [JavaFX Application Thread] DEBUG GameApplication      - Starting new game
06:46:37.049 [JavaFX Application Thread] DEBUG Input                - Clearing active input actions
06:46:37.049 [JavaFX Application Thread] DEBUG AppStateMachine      - StartupState -> LoadingState
06:46:37.132 [JavaFX Application Thread] DEBUG AnnotationParser     - @SetEntityFactory: [BombermanFactory]
06:46:37.133 [JavaFX Application Thread] DEBUG AnnotationParser     - @AddCollisionHandler: []
06:46:37.137 [FXGL Background Thread 1 ] DEBUG InitAppTask          - Clearing previous game
06:46:37.137 [FXGL Background Thread 1 ] DEBUG FXGL.GameWorld       - Clearing game world
06:46:37.137 [FXGL Background Thread 1 ] DEBUG FXGL.PhysicsWorld    - Clearing physics world
06:46:37.137 [FXGL Background Thread 1 ] DEBUG FXGL.GameScene       - Clearing game scene
06:46:37.137 [FXGL Background Thread 1 ] DEBUG InitAppTask          - Initializing Assets
06:46:37.138 [FXGL Background Thread 1 ] DEBUG InitAppTask          - Initializing Game
06:46:37.156 [FXGL Background Thread 1 ] DEBUG AssetLoader          - Loading from disk: /assets/text/levels/0.txt
06:46:37.186 [FXGL Background Thread 1 ] WARN  FXGL.TextLevelParser - No producer found for character: 0
06:46:37.186 [FXGL Background Thread 1 ] WARN  FXGL.TextLevelParser - No producer found for character: 0
06:46:37.186 [FXGL Background Thread 1 ] WARN  FXGL.TextLevelParser - No producer found for character: 0
06:46:37.190 [FXGL Background Thread 1 ] WARN  FXGL.TextLevelParser - No producer found for character: 0
06:46:37.190 [FXGL Background Thread 1 ] WARN  FXGL.TextLevelParser - No producer found for character: 0
06:46:37.190 [FXGL Background Thread 1 ] WARN  FXGL.TextLevelParser - No producer found for character: 0
06:46:37.191 [FXGL Background Thread 1 ] WARN  FXGL.TextLevelParser - No producer found for character: 0
06:46:37.192 [FXGL Background Thread 1 ] WARN  FXGL.TextLevelParser - No producer found for character: 0
06:46:37.193 [FXGL Background Thread 1 ] WARN  FXGL.TextLevelParser - No producer found for character: 0
06:46:37.194 [FXGL Background Thread 1 ] WARN  FXGL.TextLevelParser - No producer found for character: 0
06:46:37.195 [FXGL Background Thread 1 ] WARN  FXGL.TextLevelParser - No producer found for character: 0
06:46:37.196 [FXGL Background Thread 1 ] WARN  FXGL.TextLevelParser - No producer found for character: 0
06:46:37.196 [FXGL Background Thread 1 ] WARN  FXGL.TextLevelParser - No producer found for character: 0
06:46:37.197 [FXGL Background Thread 1 ] WARN  FXGL.TextLevelParser - No producer found for character: 0
06:46:37.201 [FXGL Background Thread 1 ] WARN  FXGL.TextLevelParser - No producer found for character: 0
06:46:37.207 [FXGL Background Thread 1 ] WARN  FXGL.TextLevelParser - No producer found for character: 0
06:46:37.207 [FXGL Background Thread 1 ] WARN  FXGL.TextLevelParser - No producer found for character: 0
06:46:37.208 [FXGL Background Thread 1 ] WARN  FXGL.TextLevelParser - No producer found for character: 0
06:46:37.208 [FXGL Background Thread 1 ] WARN  FXGL.TextLevelParser - No producer found for character: 0
06:46:37.208 [FXGL Background Thread 1 ] WARN  FXGL.TextLevelParser - No producer found for character: 0
06:46:37.208 [FXGL Background Thread 1 ] WARN  FXGL.TextLevelParser - No producer found for character: 0
06:46:37.208 [FXGL Background Thread 1 ] WARN  FXGL.TextLevelParser - No producer found for character: 0
06:46:37.208 [FXGL Background Thread 1 ] WARN  FXGL.TextLevelParser - No producer found for character: 0
06:46:37.208 [FXGL Background Thread 1 ] WARN  FXGL.TextLevelParser - No producer found for character: 0
06:46:37.208 [FXGL Background Thread 1 ] WARN  FXGL.TextLevelParser - No producer found for character: 0
06:46:37.209 [FXGL Background Thread 1 ] WARN  FXGL.TextLevelParser - No producer found for character: 0
06:46:37.212 [FXGL Background Thread 1 ] WARN  FXGL.TextLevelParser - No producer found for character: 0
06:46:37.213 [FXGL Background Thread 1 ] WARN  FXGL.TextLevelParser - No producer found for character: 0
06:46:37.213 [FXGL Background Thread 1 ] WARN  FXGL.TextLevelParser - No producer found for character: 0
06:46:37.214 [FXGL Background Thread 1 ] WARN  FXGL.TextLevelParser - No producer found for character: 0
06:46:37.214 [FXGL Background Thread 1 ] WARN  FXGL.TextLevelParser - No producer found for character: 0
06:46:37.216 [FXGL Background Thread 1 ] WARN  FXGL.TextLevelParser - No producer found for character: 0
06:46:37.216 [FXGL Background Thread 1 ] WARN  FXGL.TextLevelParser - No producer found for character: 0
06:46:37.216 [FXGL Background Thread 1 ] WARN  FXGL.TextLevelParser - No producer found for character: 0
06:46:37.216 [FXGL Background Thread 1 ] WARN  FXGL.TextLevelParser - No producer found for character: 0
06:46:37.217 [FXGL Background Thread 1 ] WARN  FXGL.TextLevelParser - No producer found for character: 0
06:46:37.217 [FXGL Background Thread 1 ] WARN  FXGL.TextLevelParser - No producer found for character: 0
06:46:37.217 [FXGL Background Thread 1 ] WARN  FXGL.TextLevelParser - No producer found for character: 0
06:46:37.217 [FXGL Background Thread 1 ] WARN  FXGL.TextLevelParser - No producer found for character: 0
06:46:37.217 [FXGL Background Thread 1 ] WARN  FXGL.TextLevelParser - No producer found for character: 0
06:46:37.217 [FXGL Background Thread 1 ] WARN  FXGL.TextLevelParser - No producer found for character: 0
06:46:37.217 [FXGL Background Thread 1 ] WARN  FXGL.TextLevelParser - No producer found for character: 0
06:46:37.222 [FXGL Background Thread 1 ] WARN  FXGL.TextLevelParser - No producer found for character: 0
06:46:37.226 [FXGL Background Thread 1 ] WARN  FXGL.TextLevelParser - No producer found for character: 0
06:46:37.227 [FXGL Background Thread 1 ] WARN  FXGL.TextLevelParser - No producer found for character: 0
06:46:37.228 [FXGL Background Thread 1 ] WARN  FXGL.TextLevelParser - No producer found for character: 0
06:46:37.228 [FXGL Background Thread 1 ] WARN  FXGL.TextLevelParser - No producer found for character: 0
06:46:37.229 [FXGL Background Thread 1 ] WARN  FXGL.TextLevelParser - No producer found for character: 0
06:46:37.229 [FXGL Background Thread 1 ] WARN  FXGL.TextLevelParser - No producer found for character: 0
06:46:37.229 [FXGL Background Thread 1 ] WARN  FXGL.TextLevelParser - No producer found for character: 0
06:46:37.230 [FXGL Background Thread 1 ] WARN  FXGL.TextLevelParser - No producer found for character: 0
06:46:37.230 [FXGL Background Thread 1 ] WARN  FXGL.TextLevelParser - No producer found for character: 0
06:46:37.230 [FXGL Background Thread 1 ] WARN  FXGL.TextLevelParser - No producer found for character: 0
06:46:37.230 [FXGL Background Thread 1 ] WARN  FXGL.TextLevelParser - No producer found for character: 0
06:46:37.232 [FXGL Background Thread 1 ] WARN  FXGL.TextLevelParser - No producer found for character: 0
06:46:37.232 [FXGL Background Thread 1 ] WARN  FXGL.TextLevelParser - No producer found for character: 0
06:46:37.232 [FXGL Background Thread 1 ] WARN  FXGL.TextLevelParser - No producer found for character: 0
06:46:37.236 [FXGL Background Thread 1 ] DEBUG FXGL.GameWorld       - Clearing removable entities
06:46:37.236 [FXGL Background Thread 1 ] DEBUG FXGL.GameWorld       - Setting level: com.almasb.fxgl.gameplay.Level@72155eda
06:46:37.239 [FXGL Background Thread 1 ] DEBUG FXGL.GameScene       - Creating render group for layer: TOP(2147483647)
06:46:37.254 [FXGL Background Thread 1 ] DEBUG FXGL.GameScene       - Creating render group for layer: BACKGROUND(1000)
06:46:37.256 [FXGL Background Thread 1 ] DEBUG InitAppTask          - Initializing Physics
06:46:37.257 [FXGL Background Thread 1 ] DEBUG InitAppTask          - Initializing UI
06:46:37.258 [FXGL Background Thread 1 ] DEBUG InitAppTask          - Initialization Complete
06:46:37.258 [FXGL Background Thread 1 ] INFO  InitAppTask          - Game initialization took: 0.121 sec
06:46:37.262 [JavaFX Application Thread] DEBUG Input                - Clearing active input actions
06:46:37.262 [JavaFX Application Thread] DEBUG AppStateMachine      - LoadingState -> PlayState
06:46:43.702 [JavaFX Application Thread] DEBUG GameApplication      - Exiting game application
06:46:43.703 [JavaFX Application Thread] DEBUG GameApplication      - Shutting down background threads
06:46:43.704 [JavaFX Application Thread] DEBUG GameApplication      - Exiting FXGL
06:46:43.704 [JavaFX Application Thread] DEBUG FXGL                 - Saving FXGL system data
06:46:43.706 [JavaFX Application Thread] DEBUG IOTask               - Executing task: writeDataTask(system/fxgl.bundle)
06:46:43.708 [JavaFX Application Thread] DEBUG FS                   - Writing to: system\fxgl.bundle
06:46:43.714 [JavaFX Application Thread] DEBUG IOTask               - Task succeeded: writeDataTask(system/fxgl.bundle)
06:46:43.714 [JavaFX Application Thread] DEBUG GameApplication      - Closing logger and exiting JavaFX
