06:41:22.574 [JavaFX Application Thread] DEBUG GameApplication      - Logger initialized
06:41:22.778 [JavaFX Application Thread] DEBUG GameApplication      - Starting FXGL
06:41:22.779 [JavaFX Application Thread] INFO  Version              - FXGL-0.3.9
06:41:22.779 [JavaFX Application Thread] INFO  Version              - Source code and latest versions at: https://github.com/AlmasB/FXGL
06:41:22.779 [JavaFX Application Thread] INFO  Version              -              Join the FXGL chat at: https://gitter.im/AlmasB/FXGL
06:41:22.809 [FXGL Launcher Thread     ] DEBUG FXGL                 - Loading FXGL system data
06:41:22.813 [FXGL Launcher Thread     ] DEBUG IOTask               - Executing task: readDataTask(system/fxgl.bundle)
06:41:22.819 [FXGL Launcher Thread     ] DEBUG FS                   - Reading from: system\fxgl.bundle
06:41:22.827 [FXGL Launcher Thread     ] DEBUG IOTask               - Task succeeded: readDataTask(system/fxgl.bundle)
06:41:22.827 [FXGL Launcher Thread     ] DEBUG Bundle               - Logging bundle: FXGL
06:41:22.828 [FXGL Launcher Thread     ] DEBUG Bundle               - FXGL.offline.timer.version.check=2017-10-24T22:48:57
06:41:22.829 [FXGL Launcher Thread     ] DEBUG GameApplication      - FXGL configuration complete
06:41:22.831 [FXGL Launcher Thread     ] INFO  GameApplication      - FXGL configuration took:  0.048 sec
06:41:22.831 [FXGL Launcher Thread     ] DEBUG GameApplication      - Logging game settings
Title: Bomberman
Version: 0.1
Width: 750
Height: 650
Fullscreen: false
Intro: false
Menus: false
Profiling: false
App Mode: DEVELOPER
Menu Key: ESCAPE
Scene Factory: class com.almasb.fxgl.scene.SceneFactory
Dialog Factory: class com.almasb.fxgl.service.impl.display.FXGLDialogFactory
UI Factory: class com.almasb.fxgl.service.impl.ui.FXGLUIFactory
Notification Service: class com.almasb.fxgl.service.impl.notification.FXGLNotificationService
Exception Handler: class com.almasb.fxgl.app.FXGLExceptionHandler
06:41:22.834 [FXGL Launcher Thread     ] DEBUG GameApplication      - Configuring GameApplication
06:41:22.838 [FXGL Launcher Thread     ] DEBUG AppStateMachine      - Initializing application states
06:41:22.843 [FXGL Launcher Thread     ] DEBUG AssetLoader          - Asset cacheSize=35
06:41:22.844 [FXGL Launcher Thread     ] DEBUG AssetLoader          - Loading from disk: /assets/ui/cursors/fxgl_default.png
06:41:22.861 [FXGL Launcher Thread     ] DEBUG AssetLoader          - Loading from disk: /assets/ui/cursors/fxgl_default.png
06:41:22.871 [FXGL Launcher Thread     ] DEBUG AssetLoader          - Loading from disk: /assets/sounds/core/notification.wav
06:41:22.894 [FXGL Launcher Thread     ] DEBUG AssetLoader          - Loading from disk: /assets/sounds/menu/select.wav
06:41:22.896 [FXGL Launcher Thread     ] DEBUG AssetLoader          - Loading from disk: /assets/sounds/menu/back.wav
06:41:22.898 [FXGL Launcher Thread     ] DEBUG AssetLoader          - Loading from disk: /assets/sounds/menu/press.wav
06:41:22.900 [FXGL Launcher Thread     ] DEBUG AssetLoader          - Loading from disk: /assets/ui/fonts/Copperplate_Gothic_Light_Regular.ttf
06:41:23.075 [FXGL Launcher Thread     ] DEBUG AssetLoader          - Loading from disk: /assets/ui/fonts/lucida_console.ttf
06:41:23.088 [FXGL Launcher Thread     ] DEBUG AssetLoader          - Loading from disk: /assets/ui/css/fxgl_dark.css
06:41:23.089 [FXGL Launcher Thread     ] DEBUG AssetLoader          - Loading from disk: /assets/ui/icons/fxgl_icon.png
06:41:23.111 [FXGL Launcher Thread     ] DEBUG AssetLoader          - Loading from disk: /assets/ui/cursors/fxgl_default.png
06:41:23.131 [FXGL Launcher Thread     ] DEBUG FXGL.GameScene       - Game scene initialized: 750x650
06:41:23.137 [FXGL Launcher Thread     ] DEBUG FXGL.GameWorld       - Game world initialized
06:41:23.184 [FXGL Launcher Thread     ] DEBUG FXGL.PhysicsWorld    - Physics world initialized: appHeight=650, physics.ppm=50.0
06:41:23.200 [FXGL Launcher Thread     ] DEBUG Input                - Registered new binding: Pause - Esc
06:41:23.213 [FXGL Launcher Thread     ] INFO  GameApplication      - Game configuration took:  0.378 sec
06:41:23.215 [JavaFX Application Thread] DEBUG MainWindow           - Target size: 750.0 x 650.0 @ 1.0
06:41:23.215 [JavaFX Application Thread] DEBUG MainWindow           - New size:    750.0 x 650.0 @ 1.0
06:41:23.215 [JavaFX Application Thread] DEBUG MainWindow           - Opening main window
06:41:23.256 [JavaFX Application Thread] DEBUG MainWindow           - Root size:  750.0x650.0
06:41:23.257 [JavaFX Application Thread] DEBUG MainWindow           - Scene size: 750.0x650.0
06:41:23.257 [JavaFX Application Thread] DEBUG MainWindow           - Stage size: 756.0x685.0
06:41:23.257 [JavaFX Application Thread] DEBUG GameApplication      - Running preInit()
06:41:23.257 [JavaFX Application Thread] DEBUG Input                - Registered new binding: Screenshot - P
06:41:23.258 [JavaFX Application Thread] DEBUG Input                - Registered new binding: Dev Options - CTRL+0
06:41:23.258 [JavaFX Application Thread] DEBUG Input                - Registered new binding: Move Right - D
06:41:23.258 [JavaFX Application Thread] DEBUG Input                - Registered new binding: Move Left - A
06:41:23.258 [JavaFX Application Thread] DEBUG Input                - Registered new binding: Move Up - W
06:41:23.259 [JavaFX Application Thread] DEBUG Input                - Registered new binding: Move Down - S
06:41:23.259 [JavaFX Application Thread] DEBUG Input                - Registered new binding: Place Bomb - Space
06:41:23.290 [JavaFX Application Thread] DEBUG GameApplication      - Starting main loop
06:41:23.293 [JavaFX Application Thread] DEBUG StartupState         - STARTUP
06:41:23.293 [JavaFX Application Thread] DEBUG GameApplication      - Starting new game
06:41:23.293 [JavaFX Application Thread] DEBUG Input                - Clearing active input actions
06:41:23.293 [JavaFX Application Thread] DEBUG AppStateMachine      - StartupState -> LoadingState
06:41:23.379 [JavaFX Application Thread] DEBUG AnnotationParser     - @SetEntityFactory: [BombermanFactory]
06:41:23.380 [JavaFX Application Thread] DEBUG AnnotationParser     - @AddCollisionHandler: []
06:41:23.385 [FXGL Background Thread 1 ] DEBUG InitAppTask          - Clearing previous game
06:41:23.385 [FXGL Background Thread 1 ] DEBUG FXGL.GameWorld       - Clearing game world
06:41:23.385 [FXGL Background Thread 1 ] DEBUG FXGL.PhysicsWorld    - Clearing physics world
06:41:23.385 [FXGL Background Thread 1 ] DEBUG FXGL.GameScene       - Clearing game scene
06:41:23.385 [FXGL Background Thread 1 ] DEBUG InitAppTask          - Initializing Assets
06:41:23.386 [FXGL Background Thread 1 ] DEBUG InitAppTask          - Initializing Game
06:41:23.402 [FXGL Background Thread 1 ] DEBUG AssetLoader          - Loading from disk: /assets/text/levels/0.txt
06:41:23.429 [FXGL Background Thread 1 ] WARN  FXGL.TextLevelParser - No producer found for character: 0
06:41:23.430 [FXGL Background Thread 1 ] WARN  FXGL.TextLevelParser - No producer found for character: 0
06:41:23.430 [FXGL Background Thread 1 ] WARN  FXGL.TextLevelParser - No producer found for character: 0
06:41:23.435 [FXGL Background Thread 1 ] WARN  FXGL.TextLevelParser - No producer found for character: 0
06:41:23.435 [FXGL Background Thread 1 ] WARN  FXGL.TextLevelParser - No producer found for character: 0
06:41:23.435 [FXGL Background Thread 1 ] WARN  FXGL.TextLevelParser - No producer found for character: 0
06:41:23.436 [FXGL Background Thread 1 ] WARN  FXGL.TextLevelParser - No producer found for character: 0
06:41:23.436 [FXGL Background Thread 1 ] WARN  FXGL.TextLevelParser - No producer found for character: 0
06:41:23.437 [FXGL Background Thread 1 ] WARN  FXGL.TextLevelParser - No producer found for character: 0
06:41:23.437 [FXGL Background Thread 1 ] WARN  FXGL.TextLevelParser - No producer found for character: 0
06:41:23.437 [FXGL Background Thread 1 ] WARN  FXGL.TextLevelParser - No producer found for character: 0
06:41:23.438 [FXGL Background Thread 1 ] WARN  FXGL.TextLevelParser - No producer found for character: 0
06:41:23.438 [FXGL Background Thread 1 ] WARN  FXGL.TextLevelParser - No producer found for character: 0
06:41:23.439 [FXGL Background Thread 1 ] WARN  FXGL.TextLevelParser - No producer found for character: 0
06:41:23.443 [FXGL Background Thread 1 ] WARN  FXGL.TextLevelParser - No producer found for character: 0
06:41:23.450 [FXGL Background Thread 1 ] WARN  FXGL.TextLevelParser - No producer found for character: 0
06:41:23.450 [FXGL Background Thread 1 ] WARN  FXGL.TextLevelParser - No producer found for character: 0
06:41:23.451 [FXGL Background Thread 1 ] WARN  FXGL.TextLevelParser - No producer found for character: 0
06:41:23.451 [FXGL Background Thread 1 ] WARN  FXGL.TextLevelParser - No producer found for character: 0
06:41:23.451 [FXGL Background Thread 1 ] WARN  FXGL.TextLevelParser - No producer found for character: 0
06:41:23.451 [FXGL Background Thread 1 ] WARN  FXGL.TextLevelParser - No producer found for character: 0
06:41:23.451 [FXGL Background Thread 1 ] WARN  FXGL.TextLevelParser - No producer found for character: 0
06:41:23.451 [FXGL Background Thread 1 ] WARN  FXGL.TextLevelParser - No producer found for character: 0
06:41:23.451 [FXGL Background Thread 1 ] WARN  FXGL.TextLevelParser - No producer found for character: 0
06:41:23.451 [FXGL Background Thread 1 ] WARN  FXGL.TextLevelParser - No producer found for character: 0
06:41:23.451 [FXGL Background Thread 1 ] WARN  FXGL.TextLevelParser - No producer found for character: 0
06:41:23.453 [FXGL Background Thread 1 ] WARN  FXGL.TextLevelParser - No producer found for character: 0
06:41:23.454 [FXGL Background Thread 1 ] WARN  FXGL.TextLevelParser - No producer found for character: 0
06:41:23.454 [FXGL Background Thread 1 ] WARN  FXGL.TextLevelParser - No producer found for character: 0
06:41:23.455 [FXGL Background Thread 1 ] WARN  FXGL.TextLevelParser - No producer found for character: 0
06:41:23.455 [FXGL Background Thread 1 ] WARN  FXGL.TextLevelParser - No producer found for character: 0
06:41:23.457 [FXGL Background Thread 1 ] WARN  FXGL.TextLevelParser - No producer found for character: 0
06:41:23.457 [FXGL Background Thread 1 ] WARN  FXGL.TextLevelParser - No producer found for character: 0
06:41:23.457 [FXGL Background Thread 1 ] WARN  FXGL.TextLevelParser - No producer found for character: 0
06:41:23.457 [FXGL Background Thread 1 ] WARN  FXGL.TextLevelParser - No producer found for character: 0
06:41:23.457 [FXGL Background Thread 1 ] WARN  FXGL.TextLevelParser - No producer found for character: 0
06:41:23.457 [FXGL Background Thread 1 ] WARN  FXGL.TextLevelParser - No producer found for character: 0
06:41:23.457 [FXGL Background Thread 1 ] WARN  FXGL.TextLevelParser - No producer found for character: 0
06:41:23.458 [FXGL Background Thread 1 ] WARN  FXGL.TextLevelParser - No producer found for character: 0
06:41:23.458 [FXGL Background Thread 1 ] WARN  FXGL.TextLevelParser - No producer found for character: 0
06:41:23.458 [FXGL Background Thread 1 ] WARN  FXGL.TextLevelParser - No producer found for character: 0
06:41:23.458 [FXGL Background Thread 1 ] WARN  FXGL.TextLevelParser - No producer found for character: 0
06:41:23.463 [FXGL Background Thread 1 ] WARN  FXGL.TextLevelParser - No producer found for character: 0
06:41:23.467 [FXGL Background Thread 1 ] WARN  FXGL.TextLevelParser - No producer found for character: 0
06:41:23.468 [FXGL Background Thread 1 ] WARN  FXGL.TextLevelParser - No producer found for character: 0
06:41:23.468 [FXGL Background Thread 1 ] WARN  FXGL.TextLevelParser - No producer found for character: 0
06:41:23.469 [FXGL Background Thread 1 ] WARN  FXGL.TextLevelParser - No producer found for character: 0
06:41:23.469 [FXGL Background Thread 1 ] WARN  FXGL.TextLevelParser - No producer found for character: 0
06:41:23.469 [FXGL Background Thread 1 ] WARN  FXGL.TextLevelParser - No producer found for character: 0
06:41:23.470 [FXGL Background Thread 1 ] WARN  FXGL.TextLevelParser - No producer found for character: 0
06:41:23.470 [FXGL Background Thread 1 ] WARN  FXGL.TextLevelParser - No producer found for character: 0
06:41:23.470 [FXGL Background Thread 1 ] WARN  FXGL.TextLevelParser - No producer found for character: 0
06:41:23.470 [FXGL Background Thread 1 ] WARN  FXGL.TextLevelParser - No producer found for character: 0
06:41:23.471 [FXGL Background Thread 1 ] WARN  FXGL.TextLevelParser - No producer found for character: 0
06:41:23.473 [FXGL Background Thread 1 ] WARN  FXGL.TextLevelParser - No producer found for character: 0
06:41:23.473 [FXGL Background Thread 1 ] WARN  FXGL.TextLevelParser - No producer found for character: 0
06:41:23.473 [FXGL Background Thread 1 ] WARN  FXGL.TextLevelParser - No producer found for character: 0
06:41:23.477 [FXGL Background Thread 1 ] DEBUG FXGL.GameWorld       - Clearing removable entities
06:41:23.477 [FXGL Background Thread 1 ] DEBUG FXGL.GameWorld       - Setting level: com.almasb.fxgl.gameplay.Level@a616844
06:41:23.479 [FXGL Background Thread 1 ] DEBUG FXGL.GameScene       - Creating render group for layer: TOP(2147483647)
06:41:23.494 [FXGL Background Thread 1 ] DEBUG FXGL.GameScene       - Creating render group for layer: BACKGROUND(1000)
06:41:23.497 [FXGL Background Thread 1 ] DEBUG InitAppTask          - Initializing Physics
06:41:23.497 [FXGL Background Thread 1 ] DEBUG InitAppTask          - Initializing UI
06:41:23.498 [FXGL Background Thread 1 ] DEBUG InitAppTask          - Initialization Complete
06:41:23.498 [FXGL Background Thread 1 ] INFO  InitAppTask          - Game initialization took: 0.113 sec
06:41:23.500 [JavaFX Application Thread] DEBUG Input                - Clearing active input actions
06:41:23.500 [JavaFX Application Thread] DEBUG AppStateMachine      - LoadingState -> PlayState
07:03:43.234 [JavaFX Application Thread] DEBUG GameApplication      - Exiting game application
07:03:43.235 [JavaFX Application Thread] DEBUG GameApplication      - Shutting down background threads
07:03:43.235 [JavaFX Application Thread] DEBUG GameApplication      - Exiting FXGL
07:03:43.235 [JavaFX Application Thread] DEBUG FXGL                 - Saving FXGL system data
07:03:43.236 [JavaFX Application Thread] DEBUG IOTask               - Executing task: writeDataTask(system/fxgl.bundle)
07:03:43.239 [JavaFX Application Thread] DEBUG FS                   - Writing to: system\fxgl.bundle
07:03:43.247 [JavaFX Application Thread] DEBUG IOTask               - Task succeeded: writeDataTask(system/fxgl.bundle)
07:03:43.247 [JavaFX Application Thread] DEBUG GameApplication      - Closing logger and exiting JavaFX
