06:42:55.066 [JavaFX Application Thread] DEBUG GameApplication      - Logger initialized
06:42:55.306 [JavaFX Application Thread] DEBUG GameApplication      - Starting FXGL
06:42:55.307 [JavaFX Application Thread] INFO  Version              - FXGL-0.3.9
06:42:55.307 [JavaFX Application Thread] INFO  Version              - Source code and latest versions at: https://github.com/AlmasB/FXGL
06:42:55.307 [JavaFX Application Thread] INFO  Version              -              Join the FXGL chat at: https://gitter.im/AlmasB/FXGL
06:42:55.337 [FXGL Launcher Thread     ] DEBUG FXGL                 - Loading FXGL system data
06:42:55.341 [FXGL Launcher Thread     ] DEBUG IOTask               - Executing task: readDataTask(system/fxgl.bundle)
06:42:55.348 [FXGL Launcher Thread     ] DEBUG FS                   - Reading from: system\fxgl.bundle
06:42:55.358 [FXGL Launcher Thread     ] DEBUG IOTask               - Task succeeded: readDataTask(system/fxgl.bundle)
06:42:55.358 [FXGL Launcher Thread     ] DEBUG Bundle               - Logging bundle: FXGL
06:42:55.359 [FXGL Launcher Thread     ] DEBUG Bundle               - FXGL.offline.timer.version.check=2017-10-24T22:48:57
06:42:55.359 [FXGL Launcher Thread     ] DEBUG GameApplication      - FXGL configuration complete
06:42:55.361 [FXGL Launcher Thread     ] INFO  GameApplication      - FXGL configuration took:  0.051 sec
06:42:55.361 [FXGL Launcher Thread     ] DEBUG GameApplication      - Logging game settings
Title: Bomberman
Version: 0.1
Width: 750
Height: 650
Fullscreen: false
Intro: false
Menus: false
Profiling: false
App Mode: DEVELOPER
Menu Key: ESCAPE
Scene Factory: class com.almasb.fxgl.scene.SceneFactory
Dialog Factory: class com.almasb.fxgl.service.impl.display.FXGLDialogFactory
UI Factory: class com.almasb.fxgl.service.impl.ui.FXGLUIFactory
Notification Service: class com.almasb.fxgl.service.impl.notification.FXGLNotificationService
Exception Handler: class com.almasb.fxgl.app.FXGLExceptionHandler
06:42:55.368 [FXGL Launcher Thread     ] DEBUG GameApplication      - Configuring GameApplication
06:42:55.371 [FXGL Launcher Thread     ] DEBUG AppStateMachine      - Initializing application states
06:42:55.378 [FXGL Launcher Thread     ] DEBUG AssetLoader          - Asset cacheSize=35
06:42:55.379 [FXGL Launcher Thread     ] DEBUG AssetLoader          - Loading from disk: /assets/ui/cursors/fxgl_default.png
06:42:55.401 [FXGL Launcher Thread     ] DEBUG AssetLoader          - Loading from disk: /assets/ui/cursors/fxgl_default.png
06:42:55.409 [FXGL Launcher Thread     ] DEBUG AssetLoader          - Loading from disk: /assets/sounds/core/notification.wav
06:42:55.432 [FXGL Launcher Thread     ] DEBUG AssetLoader          - Loading from disk: /assets/sounds/menu/select.wav
06:42:55.434 [FXGL Launcher Thread     ] DEBUG AssetLoader          - Loading from disk: /assets/sounds/menu/back.wav
06:42:55.436 [FXGL Launcher Thread     ] DEBUG AssetLoader          - Loading from disk: /assets/sounds/menu/press.wav
06:42:55.439 [FXGL Launcher Thread     ] DEBUG AssetLoader          - Loading from disk: /assets/ui/fonts/Copperplate_Gothic_Light_Regular.ttf
06:42:55.604 [FXGL Launcher Thread     ] DEBUG AssetLoader          - Loading from disk: /assets/ui/fonts/lucida_console.ttf
06:42:55.615 [FXGL Launcher Thread     ] DEBUG AssetLoader          - Loading from disk: /assets/ui/css/fxgl_dark.css
06:42:55.616 [FXGL Launcher Thread     ] DEBUG AssetLoader          - Loading from disk: /assets/ui/icons/fxgl_icon.png
06:42:55.638 [FXGL Launcher Thread     ] DEBUG AssetLoader          - Loading from disk: /assets/ui/cursors/fxgl_default.png
06:42:55.658 [FXGL Launcher Thread     ] DEBUG FXGL.GameScene       - Game scene initialized: 750x650
06:42:55.662 [FXGL Launcher Thread     ] DEBUG FXGL.GameWorld       - Game world initialized
06:42:55.710 [FXGL Launcher Thread     ] DEBUG FXGL.PhysicsWorld    - Physics world initialized: appHeight=650, physics.ppm=50.0
06:42:55.727 [FXGL Launcher Thread     ] DEBUG Input                - Registered new binding: Pause - Esc
06:42:55.741 [FXGL Launcher Thread     ] INFO  GameApplication      - Game configuration took:  0.374 sec
06:42:55.743 [JavaFX Application Thread] DEBUG MainWindow           - Target size: 750.0 x 650.0 @ 1.0
06:42:55.743 [JavaFX Application Thread] DEBUG MainWindow           - New size:    750.0 x 650.0 @ 1.0
06:42:55.743 [JavaFX Application Thread] DEBUG MainWindow           - Opening main window
06:42:55.780 [JavaFX Application Thread] DEBUG MainWindow           - Root size:  750.0x650.0
06:42:55.780 [JavaFX Application Thread] DEBUG MainWindow           - Scene size: 750.0x650.0
06:42:55.781 [JavaFX Application Thread] DEBUG MainWindow           - Stage size: 756.0x685.0
06:42:55.781 [JavaFX Application Thread] DEBUG GameApplication      - Running preInit()
06:42:55.782 [JavaFX Application Thread] DEBUG Input                - Registered new binding: Screenshot - P
06:42:55.783 [JavaFX Application Thread] DEBUG Input                - Registered new binding: Dev Options - CTRL+0
06:42:55.783 [JavaFX Application Thread] DEBUG Input                - Registered new binding: Move Right - D
06:42:55.783 [JavaFX Application Thread] DEBUG Input                - Registered new binding: Move Left - A
06:42:55.784 [JavaFX Application Thread] DEBUG Input                - Registered new binding: Move Up - W
06:42:55.784 [JavaFX Application Thread] DEBUG Input                - Registered new binding: Move Down - S
06:42:55.784 [JavaFX Application Thread] DEBUG Input                - Registered new binding: Place Bomb - Space
06:42:55.816 [JavaFX Application Thread] DEBUG GameApplication      - Starting main loop
06:42:55.821 [JavaFX Application Thread] DEBUG StartupState         - STARTUP
06:42:55.821 [JavaFX Application Thread] DEBUG GameApplication      - Starting new game
06:42:55.821 [JavaFX Application Thread] DEBUG Input                - Clearing active input actions
06:42:55.821 [JavaFX Application Thread] DEBUG AppStateMachine      - StartupState -> LoadingState
06:42:55.911 [JavaFX Application Thread] DEBUG AnnotationParser     - @SetEntityFactory: [BombermanFactory]
06:42:55.912 [JavaFX Application Thread] DEBUG AnnotationParser     - @AddCollisionHandler: []
06:42:55.917 [FXGL Background Thread 1 ] DEBUG InitAppTask          - Clearing previous game
06:42:55.917 [FXGL Background Thread 1 ] DEBUG FXGL.GameWorld       - Clearing game world
06:42:55.917 [FXGL Background Thread 1 ] DEBUG FXGL.PhysicsWorld    - Clearing physics world
06:42:55.917 [FXGL Background Thread 1 ] DEBUG FXGL.GameScene       - Clearing game scene
06:42:55.918 [FXGL Background Thread 1 ] DEBUG InitAppTask          - Initializing Assets
06:42:55.919 [FXGL Background Thread 1 ] DEBUG InitAppTask          - Initializing Game
06:42:55.936 [FXGL Background Thread 1 ] DEBUG AssetLoader          - Loading from disk: /assets/text/levels/0.txt
06:42:55.966 [FXGL Background Thread 1 ] WARN  FXGL.TextLevelParser - No producer found for character: 0
06:42:55.967 [FXGL Background Thread 1 ] WARN  FXGL.TextLevelParser - No producer found for character: 0
06:42:55.967 [FXGL Background Thread 1 ] WARN  FXGL.TextLevelParser - No producer found for character: 0
06:42:55.971 [FXGL Background Thread 1 ] WARN  FXGL.TextLevelParser - No producer found for character: 0
06:42:55.972 [FXGL Background Thread 1 ] WARN  FXGL.TextLevelParser - No producer found for character: 0
06:42:55.972 [FXGL Background Thread 1 ] WARN  FXGL.TextLevelParser - No producer found for character: 0
06:42:55.973 [FXGL Background Thread 1 ] WARN  FXGL.TextLevelParser - No producer found for character: 0
06:42:55.973 [FXGL Background Thread 1 ] WARN  FXGL.TextLevelParser - No producer found for character: 0
06:42:55.974 [FXGL Background Thread 1 ] WARN  FXGL.TextLevelParser - No producer found for character: 0
06:42:55.974 [FXGL Background Thread 1 ] WARN  FXGL.TextLevelParser - No producer found for character: 0
06:42:55.974 [FXGL Background Thread 1 ] WARN  FXGL.TextLevelParser - No producer found for character: 0
06:42:55.975 [FXGL Background Thread 1 ] WARN  FXGL.TextLevelParser - No producer found for character: 0
06:42:55.975 [FXGL Background Thread 1 ] WARN  FXGL.TextLevelParser - No producer found for character: 0
06:42:55.976 [FXGL Background Thread 1 ] WARN  FXGL.TextLevelParser - No producer found for character: 0
06:42:55.980 [FXGL Background Thread 1 ] WARN  FXGL.TextLevelParser - No producer found for character: 0
06:42:55.988 [FXGL Background Thread 1 ] WARN  FXGL.TextLevelParser - No producer found for character: 0
06:42:55.988 [FXGL Background Thread 1 ] WARN  FXGL.TextLevelParser - No producer found for character: 0
06:42:55.988 [FXGL Background Thread 1 ] WARN  FXGL.TextLevelParser - No producer found for character: 0
06:42:55.988 [FXGL Background Thread 1 ] WARN  FXGL.TextLevelParser - No producer found for character: 0
06:42:55.988 [FXGL Background Thread 1 ] WARN  FXGL.TextLevelParser - No producer found for character: 0
06:42:55.988 [FXGL Background Thread 1 ] WARN  FXGL.TextLevelParser - No producer found for character: 0
06:42:55.988 [FXGL Background Thread 1 ] WARN  FXGL.TextLevelParser - No producer found for character: 0
06:42:55.989 [FXGL Background Thread 1 ] WARN  FXGL.TextLevelParser - No producer found for character: 0
06:42:55.989 [FXGL Background Thread 1 ] WARN  FXGL.TextLevelParser - No producer found for character: 0
06:42:55.989 [FXGL Background Thread 1 ] WARN  FXGL.TextLevelParser - No producer found for character: 0
06:42:55.989 [FXGL Background Thread 1 ] WARN  FXGL.TextLevelParser - No producer found for character: 0
06:42:55.991 [FXGL Background Thread 1 ] WARN  FXGL.TextLevelParser - No producer found for character: 0
06:42:55.991 [FXGL Background Thread 1 ] WARN  FXGL.TextLevelParser - No producer found for character: 0
06:42:55.992 [FXGL Background Thread 1 ] WARN  FXGL.TextLevelParser - No producer found for character: 0
06:42:55.992 [FXGL Background Thread 1 ] WARN  FXGL.TextLevelParser - No producer found for character: 0
06:42:55.992 [FXGL Background Thread 1 ] WARN  FXGL.TextLevelParser - No producer found for character: 0
06:42:55.994 [FXGL Background Thread 1 ] WARN  FXGL.TextLevelParser - No producer found for character: 0
06:42:55.994 [FXGL Background Thread 1 ] WARN  FXGL.TextLevelParser - No producer found for character: 0
06:42:55.994 [FXGL Background Thread 1 ] WARN  FXGL.TextLevelParser - No producer found for character: 0
06:42:55.994 [FXGL Background Thread 1 ] WARN  FXGL.TextLevelParser - No producer found for character: 0
06:42:55.994 [FXGL Background Thread 1 ] WARN  FXGL.TextLevelParser - No producer found for character: 0
06:42:55.994 [FXGL Background Thread 1 ] WARN  FXGL.TextLevelParser - No producer found for character: 0
06:42:55.995 [FXGL Background Thread 1 ] WARN  FXGL.TextLevelParser - No producer found for character: 0
06:42:55.995 [FXGL Background Thread 1 ] WARN  FXGL.TextLevelParser - No producer found for character: 0
06:42:55.995 [FXGL Background Thread 1 ] WARN  FXGL.TextLevelParser - No producer found for character: 0
06:42:55.995 [FXGL Background Thread 1 ] WARN  FXGL.TextLevelParser - No producer found for character: 0
06:42:55.995 [FXGL Background Thread 1 ] WARN  FXGL.TextLevelParser - No producer found for character: 0
06:42:56.001 [FXGL Background Thread 1 ] WARN  FXGL.TextLevelParser - No producer found for character: 0
06:42:56.006 [FXGL Background Thread 1 ] WARN  FXGL.TextLevelParser - No producer found for character: 0
06:42:56.007 [FXGL Background Thread 1 ] WARN  FXGL.TextLevelParser - No producer found for character: 0
06:42:56.007 [FXGL Background Thread 1 ] WARN  FXGL.TextLevelParser - No producer found for character: 0
06:42:56.007 [FXGL Background Thread 1 ] WARN  FXGL.TextLevelParser - No producer found for character: 0
06:42:56.008 [FXGL Background Thread 1 ] WARN  FXGL.TextLevelParser - No producer found for character: 0
06:42:56.008 [FXGL Background Thread 1 ] WARN  FXGL.TextLevelParser - No producer found for character: 0
06:42:56.008 [FXGL Background Thread 1 ] WARN  FXGL.TextLevelParser - No producer found for character: 0
06:42:56.009 [FXGL Background Thread 1 ] WARN  FXGL.TextLevelParser - No producer found for character: 0
06:42:56.009 [FXGL Background Thread 1 ] WARN  FXGL.TextLevelParser - No producer found for character: 0
06:42:56.009 [FXGL Background Thread 1 ] WARN  FXGL.TextLevelParser - No producer found for character: 0
06:42:56.009 [FXGL Background Thread 1 ] WARN  FXGL.TextLevelParser - No producer found for character: 0
06:42:56.011 [FXGL Background Thread 1 ] WARN  FXGL.TextLevelParser - No producer found for character: 0
06:42:56.012 [FXGL Background Thread 1 ] WARN  FXGL.TextLevelParser - No producer found for character: 0
06:42:56.012 [FXGL Background Thread 1 ] WARN  FXGL.TextLevelParser - No producer found for character: 0
06:42:56.016 [FXGL Background Thread 1 ] DEBUG FXGL.GameWorld       - Clearing removable entities
06:42:56.016 [FXGL Background Thread 1 ] DEBUG FXGL.GameWorld       - Setting level: com.almasb.fxgl.gameplay.Level@291969e1
06:42:56.020 [FXGL Background Thread 1 ] DEBUG FXGL.GameScene       - Creating render group for layer: TOP(2147483647)
06:42:56.033 [FXGL Background Thread 1 ] DEBUG FXGL.GameScene       - Creating render group for layer: BACKGROUND(1000)
06:42:56.036 [FXGL Background Thread 1 ] DEBUG InitAppTask          - Initializing Physics
06:42:56.037 [FXGL Background Thread 1 ] DEBUG InitAppTask          - Initializing UI
06:42:56.037 [FXGL Background Thread 1 ] DEBUG InitAppTask          - Initialization Complete
06:42:56.037 [FXGL Background Thread 1 ] INFO  InitAppTask          - Game initialization took: 0.120 sec
06:42:56.051 [JavaFX Application Thread] DEBUG Input                - Clearing active input actions
06:42:56.051 [JavaFX Application Thread] DEBUG AppStateMachine      - LoadingState -> PlayState
06:43:26.640 [JavaFX Application Thread] DEBUG GameApplication      - Exiting game application
06:43:26.641 [JavaFX Application Thread] DEBUG GameApplication      - Shutting down background threads
06:43:26.641 [JavaFX Application Thread] DEBUG GameApplication      - Exiting FXGL
06:43:26.642 [JavaFX Application Thread] DEBUG FXGL                 - Saving FXGL system data
06:43:26.643 [JavaFX Application Thread] DEBUG IOTask               - Executing task: writeDataTask(system/fxgl.bundle)
06:43:26.645 [JavaFX Application Thread] DEBUG FS                   - Writing to: system\fxgl.bundle
06:43:26.650 [JavaFX Application Thread] DEBUG IOTask               - Task succeeded: writeDataTask(system/fxgl.bundle)
06:43:26.651 [JavaFX Application Thread] DEBUG GameApplication      - Closing logger and exiting JavaFX
